-------------------------------------------------------------------------------
Test set: test.test.pagesTest
-------------------------------------------------------------------------------
Tests run: 2, Failures: 1, Errors: 0, Skipped: 0, Time elapsed: 18.992 sec <<< FAILURE!
testSomeFails(test.test.pagesTest)  Time elapsed: 0.001 sec  <<< FAILURE!
java.lang.AssertionError: Values are not equal expected [false] but found [true]
	at org.testng.Assert.fail(Assert.java:94)
	at org.testng.Assert.failNotEquals(Assert.java:494)
	at org.testng.Assert.assertEquals(Assert.java:123)
	at org.testng.Assert.assertEquals(Assert.java:286)
	at test.test.pagesTest.testSomeFails(pagesTest.java:14)

